<?xml version="1.0" encoding="UTF-8"?>
<!-- Generated by org.testng.reporters.JUnitReportReporter -->
<testsuite hostname="LIN-33ZSN94" failures="0" tests="1" name="test.LambdaTestEdgeMac" time="31.536" errors="0" timestamp="2025-09-25T20:16:44 IST" skipped="0">
  <testcase classname="test.LambdaTestEdgeMac" name="runEdgeScenario" time="31.536"/>
</testsuite> <!-- test.LambdaTestEdgeMac -->
